#
# There is insufficient memory for the Java Runtime Environment to continue.
# Native memory allocation (malloc) failed to allocate 1048576 bytes for AllocateHeap
# Possible reasons:
#   The system is out of physical RAM or swap space
#   In 32 bit mode, the process size limit was hit
# Possible solutions:
#   Reduce memory load on the system
#   Increase physical memory or swap space
#   Check if swap backing store is full
#   Use 64 bit Java on a 64 bit OS
#   Decrease Java heap size (-Xmx/-Xms)
#   Decrease number of Java threads
#   Decrease Java thread stack sizes (-Xss)
#   Set larger code cache with -XX:ReservedCodeCacheSize=
# This output file may be truncated or incomplete.
#
#  Out of Memory Error (memory/allocation.inline.hpp:61), pid=20624, tid=0x0000000000003120
#
# JRE version:  (8.0) (build )
# Java VM: OpenJDK 64-Bit Server VM (25.71-b00 mixed mode windows-amd64 compressed oops)
# Failed to write core dump. Minidumps are not enabled by default on client versions of Windows
#

---------------  T H R E A D  ---------------

Current thread (0x0000000003233800):  JavaThread "Unknown thread" [_thread_in_vm, id=12576, stack(0x0000000003130000,0x0000000003230000)]

Stack: [0x0000000003130000,0x0000000003230000]
[error occurred during error reporting (printing stack bounds), id 0xc0000005]

Native frames: (J=compiled Java code, j=interpreted, Vv=VM code, C=native code)


---------------  P R O C E S S  ---------------

Java Threads: ( => current thread )

Other Threads:

=>0x0000000003233800 (exited) JavaThread "Unknown thread" [_thread_in_vm, id=12576, stack(0x0000000003130000,0x0000000003230000)]

VM state:not at safepoint (normal execution)

VM Mutex/Monitor currently owned by a thread: None

Heap:
 PSYoungGen      total 76288K, used 1310K [0x000000076b180000, 0x0000000770680000, 0x00000007c0000000)
  eden space 65536K, 2% used [0x000000076b180000,0x000000076b2c7af0,0x000000076f180000)
  from space 10752K, 0% used [0x000000076fc00000,0x000000076fc00000,0x0000000770680000)
  to   space 10752K, 0% used [0x000000076f180000,0x000000076f180000,0x000000076fc00000)
 ParOldGen       total 175104K, used 0K [0x00000006c1400000, 0x00000006cbf00000, 0x000000076b180000)
  object space 175104K, 0% used [0x00000006c1400000,0x00000006c1400000,0x00000006cbf00000)
 Metaspace       used 777K, capacity 4480K, committed 4480K, reserved 1056768K
  class space    used 74K, capacity 384K, committed 384K, reserved 1048576K

Card table byte_map: [0x00000000126f0000,0x0000000012ef0000] byte_map_base: 0x000000000f0e6000

Marking Bits: (ParMarkBitMap*) 0x00000000754ebe50
 Begin Bits: [0x0000000013c40000, 0x0000000017bf0000)
 End Bits:   [0x0000000017bf0000, 0x000000001bba0000)

Polling page: 0x0000000003040000

CodeCache: size=245760Kb used=328Kb max_used=328Kb free=245431Kb
 bounds [0x0000000003330000, 0x00000000035a0000, 0x0000000012330000]
 total_blobs=57 nmethods=0 adapters=38
 compilation: enabled

Compilation events (0 events):
No events

GC Heap History (0 events):
No events

Deoptimization events (0 events):
No events

Classes redefined (0 events):
No events

Internal exceptions (0 events):
No events

Events (10 events):
Event: 0.036 loading class java/lang/Short
Event: 0.036 loading class java/lang/Short done
Event: 0.036 loading class java/lang/Integer
Event: 0.037 loading class java/lang/Integer done
Event: 0.037 loading class java/lang/Long
Event: 0.037 loading class java/lang/Long done
Event: 0.038 loading class java/lang/NullPointerException
Event: 0.038 loading class java/lang/NullPointerException done
Event: 0.038 loading class java/lang/ArithmeticException
Event: 0.038 loading class java/lang/ArithmeticException done


Dynamic libraries:
0x00007ff7dc8a0000 - 0x00007ff7dc8d5000 	C:\Program Files\Unity\Hub\Editor\2020.3.12f1\Editor\Data\PlaybackEngines\AndroidPlayer\OpenJDK\bin\java.exe
0x00007ffc84f10000 - 0x00007ffc85124000 	C:\WINDOWS\SYSTEM32\ntdll.dll
0x00007ffc838f0000 - 0x00007ffc839b2000 	C:\WINDOWS\System32\KERNEL32.DLL
0x00007ffc82600000 - 0x00007ffc829a3000 	C:\WINDOWS\System32\KERNELBASE.dll
0x00007ffc84670000 - 0x00007ffc8471e000 	C:\WINDOWS\System32\ADVAPI32.dll
0x00007ffc84720000 - 0x00007ffc847c7000 	C:\WINDOWS\System32\msvcrt.dll
0x00007ffc835f0000 - 0x00007ffc83694000 	C:\WINDOWS\System32\sechost.dll
0x00007ffc837c0000 - 0x00007ffc838d7000 	C:\WINDOWS\System32\RPCRT4.dll
0x00007ffc833f0000 - 0x00007ffc8359b000 	C:\WINDOWS\System32\USER32.dll
0x00007ffc82b50000 - 0x00007ffc82b76000 	C:\WINDOWS\System32\win32u.dll
0x00007ffc831f0000 - 0x00007ffc83219000 	C:\WINDOWS\System32\GDI32.dll
0x00007ffc82a30000 - 0x00007ffc82b48000 	C:\WINDOWS\System32\gdi32full.dll
0x00007ffc82330000 - 0x00007ffc823ca000 	C:\WINDOWS\System32\msvcp_win.dll
0x00007ffc82bf0000 - 0x00007ffc82d01000 	C:\WINDOWS\System32\ucrtbase.dll
0x00007ffc53f50000 - 0x00007ffc541de000 	C:\WINDOWS\WinSxS\amd64_microsoft.windows.common-controls_6595b64144ccf1df_6.0.22621.1635_none_270f70857386168e\COMCTL32.dll
0x00007ffc84560000 - 0x00007ffc84591000 	C:\WINDOWS\System32\IMM32.DLL
0x0000000075570000 - 0x0000000075642000 	C:\Program Files\Unity\Hub\Editor\2020.3.12f1\Editor\Data\PlaybackEngines\AndroidPlayer\OpenJDK\jre\bin\msvcr100.dll
0x0000000074d20000 - 0x0000000075569000 	C:\Program Files\Unity\Hub\Editor\2020.3.12f1\Editor\Data\PlaybackEngines\AndroidPlayer\OpenJDK\jre\bin\server\jvm.dll
0x00007ffc838e0000 - 0x00007ffc838e8000 	C:\WINDOWS\System32\PSAPI.DLL
0x00007ffc74da0000 - 0x00007ffc74daa000 	C:\WINDOWS\SYSTEM32\VERSION.dll
0x00007ffc766b0000 - 0x00007ffc766e4000 	C:\WINDOWS\SYSTEM32\WINMM.dll
0x00007ffc699a0000 - 0x00007ffc699a9000 	C:\WINDOWS\SYSTEM32\WSOCK32.dll
0x00007ffc84b60000 - 0x00007ffc84bd1000 	C:\WINDOWS\System32\WS2_32.dll
0x00007ffc74740000 - 0x00007ffc7474f000 	C:\Program Files\Unity\Hub\Editor\2020.3.12f1\Editor\Data\PlaybackEngines\AndroidPlayer\OpenJDK\jre\bin\verify.dll
0x00007ffc47cc0000 - 0x00007ffc47ce9000 	C:\Program Files\Unity\Hub\Editor\2020.3.12f1\Editor\Data\PlaybackEngines\AndroidPlayer\OpenJDK\jre\bin\java.dll
0x00007ffc4e140000 - 0x00007ffc4e156000 	C:\Program Files\Unity\Hub\Editor\2020.3.12f1\Editor\Data\PlaybackEngines\AndroidPlayer\OpenJDK\jre\bin\zip.dll

VM Arguments:
jvm_args: -Dfile.encoding=UTF-8 
java_command: <unknown>
java_class_path (initial): .
Launcher Type: SUN_STANDARD

Environment Variables:
JAVA_HOME=C:\Program Files\Unity\Hub\Editor\2020.3.12f1\Editor\Data\PlaybackEngines\AndroidPlayer\OpenJDK
JAVA_TOOL_OPTIONS=-Dfile.encoding=UTF-8
USERNAME=jmoln
OS=Windows_NT
PROCESSOR_IDENTIFIER=Intel64 Family 6 Model 142 Stepping 10, GenuineIntel



---------------  S Y S T E M  ---------------

OS: Windows 10.0 , 64 bit Build 22621 (10.0.22621.1635)

CPU:total 8 (initial active 8) (4 cores per cpu, 2 threads per core) family 6 model 142 stepping 10, cmov, cx8, fxsr, mmx, sse, sse2, sse3, ssse3, sse4.1, sse4.2, popcnt, avx, avx2, aes, clmul, erms, 3dnowpref, lzcnt, ht, tsc, tscinvbit, bmi1, bmi2, adx

Memory: 4k page, physical 16690576k(2676404k free), swap 67022224k(6084k free)

vm_info: OpenJDK 64-Bit Server VM (25.71-b00) for windows-amd64 JRE (1.8.0-adoptopenjdk-_2018_05_19_00_59-b00), built on May 19 2018 01:02:12 by "jenkins" with MS VC++ 10.0 (VS2010)

time: Fri Jun 16 11:58:03 2023
elapsed time: 0 seconds (0d 0h 0m 0s)

